2015-01-31 01:17:45,498 - [INFO] - from play in pool-4-thread-1 
Listening for HTTP on /0:0:0:0:0:0:0:0:9000

2015-01-31 01:18:34,067 - [INFO] - from play in play-internal-execution-context-1 
Application started (Dev)

2015-01-31 01:18:35,193 - [INFO] - from play in play-internal-execution-context-1 
Application started (Dev)

2015-01-31 01:18:35,916 - [INFO] - from application in play-akka.actor.default-dispatcher-8 
0:0:0:0:0:0:0:1 - SSE conntected

2015-01-31 02:57:57,139 - [INFO] - from application in play-akka.actor.default-dispatcher-10 
fe80:0:0:0:0:0:0:1%1 - SSE conntected

2015-01-31 02:58:04,008 - [INFO] - from application in play-internal-execution-context-3 
fe80:0:0:0:0:0:0:1%1 - SSE disconntected

2015-01-31 02:58:07,166 - [INFO] - from application in play-akka.actor.default-dispatcher-11 
0:0:0:0:0:0:0:1 - SSE conntected

2015-01-31 02:58:11,994 - [INFO] - from application in play-internal-execution-context-5 
0:0:0:0:0:0:0:1 - SSE disconntected

2015-01-31 02:58:12,413 - [INFO] - from application in play-akka.actor.default-dispatcher-13 
0:0:0:0:0:0:0:1 - SSE conntected

2015-01-31 02:58:14,880 - [INFO] - from application in play-akka.actor.default-dispatcher-11 
fe80:0:0:0:0:0:0:1%1 - SSE conntected

2015-01-31 02:58:19,992 - [INFO] - from application in play-internal-execution-context-2 
0:0:0:0:0:0:0:1 - SSE disconntected

2015-01-31 02:58:27,994 - [INFO] - from application in play-internal-execution-context-5 
0:0:0:0:0:0:0:1 - SSE disconntected

2015-01-31 02:58:28,081 - [INFO] - from application in play-akka.actor.default-dispatcher-12 
0:0:0:0:0:0:0:1 - SSE conntected

2015-01-31 02:58:30,720 - [INFO] - from application in play-akka.actor.default-dispatcher-11 
0:0:0:0:0:0:0:1 - SSE conntected

2015-01-31 02:58:35,993 - [INFO] - from application in play-internal-execution-context-5 
0:0:0:0:0:0:0:1 - SSE disconntected

2015-01-31 03:17:01,515 - [INFO] - from application in play-akka.actor.default-dispatcher-16 
0:0:0:0:0:0:0:1 - SSE conntected

